<?xml version="1.0" encoding="UTF-8" ?>
<testsuites>
<testsuite name="fest:insert" errors="0" tests="1" failures="0" time="0.002" timestamp="2016-09-07T16:40:15">
  <testcase classname="fest:insert" name="should insert files AS-IS" time="0.002"></testcase>
</testsuite>
</testsuites>