<?xml version="1.0" encoding="UTF-8" ?>
<testsuites>
<testsuite name="fest:element" errors="0" tests="3" failures="0" time="0.017" timestamp="2016-09-07T16:40:15">
  <testcase classname="fest:element" name="should support nested elements" time="0.01"></testcase>
  <testcase classname="fest:element" name="should throw exception if fest:element contains syntax error in select attribute" time="0.001"></testcase>
  <testcase classname="fest:element" name="should throw exception if fest:element contains syntax error in expression in name attribute" time="0.006"></testcase>
</testsuite>
</testsuites>