<?xml version="1.0" encoding="UTF-8" ?>
<testsuites>
<testsuite name="fest:plural" errors="0" tests="4" failures="0" time="0.009" timestamp="2016-09-07T16:40:15">
  <testcase classname="fest:plural" name="should plural russian" time="0.003"></testcase>
  <testcase classname="fest:plural" name="should plural english" time="0.002"></testcase>
  <testcase classname="fest:plural" name="should escape control characters" time="0.002"></testcase>
  <testcase classname="fest:plural" name="should throw exception if the template has inconsistent number of plural forms" time="0.002"></testcase>
</testsuite>
</testsuites>