<?xml version="1.0" encoding="UTF-8" ?>
<testsuites>
<testsuite name="fest:cdata" errors="0" tests="1" failures="0" time="0.006" timestamp="2016-09-07T16:40:15">
  <testcase classname="fest:cdata" name="should yield CDATA AS-IS" time="0.006"></testcase>
</testsuite>
</testsuites>