<?xml version="1.0" encoding="UTF-8" ?>
<testsuites>
<testsuite name="fest:commnet" errors="0" tests="1" failures="0" time="0.003" timestamp="2016-09-07T16:40:15">
  <testcase classname="fest:commnet" name="should yield comments AS-IS" time="0.003"></testcase>
</testsuite>
</testsuites>