<?xml version="1.0" encoding="UTF-8" ?>
<testsuites>
<testsuite name="fest:text" errors="0" tests="1" failures="0" time="0.002" timestamp="2016-09-07T16:40:15">
  <testcase classname="fest:text" name="should yield text AS-IS" time="0.002"></testcase>
</testsuite>
</testsuites>