<?xml version="1.0" encoding="UTF-8" ?>
<testsuites>
<testsuite name="fest:call" errors="0" tests="3" failures="0" time="0.006" timestamp="2016-09-07T16:40:15">
  <testcase classname="fest:call" name="should share context (this) with template itself and blocks" time="0.002"></testcase>
  <testcase classname="fest:call" name="should throw exception if fest:call contains syntax error in name attribute" time="0.001"></testcase>
  <testcase classname="fest:call" name="should throw exception if fest:call contains syntax error in data attribute" time="0.003"></testcase>
</testsuite>
</testsuites>