<?xml version="1.0" encoding="UTF-8" ?>
<testsuites>
<testsuite name="XML/HTML features" errors="0" tests="1" failures="0" time="0.003" timestamp="2016-09-07T16:40:15">
  <testcase classname="XML/HTML features" name="should respect shortened HTML tags" time="0.003"></testcase>
</testsuite>
</testsuites>