<?xml version="1.0" encoding="UTF-8" ?>
<testsuites>
<testsuite name="fest:set and fest:get" errors="0" tests="9" failures="0" time="0.082" timestamp="2016-09-07T16:40:15">
  <testcase classname="fest:set and fest:get" name="should share context (this) with template itself and blocks" time="0.018"></testcase>
  <testcase classname="fest:set and fest:get" name="should respect included blocks" time="0.01"></testcase>
  <testcase classname="fest:set and fest:get" name="should support fest:param and fest:params" time="0.011"></testcase>
  <testcase classname="fest:set and fest:get" name="fix bug when threre is error in select attribute" time="0.008"></testcase>
  <testcase classname="fest:set and fest:get" name="should provide access to parameters" time="0.016"></testcase>
  <testcase classname="fest:set and fest:get" name="should throw exception if fest:set contains syntax error in test attribute" time="0.001"></testcase>
  <testcase classname="fest:set and fest:get" name="should throw exception if the template contains nested fest:set" time="0.006"></testcase>
  <testcase classname="fest:set and fest:get" name="should not include in the compiled source code definition of set-blocks that will never be called" time="0.008"></testcase>
  <testcase classname="fest:set and fest:get" name="should DO include in the compiled source code definition of all set-blocks if at least one get-block with select is attribute presented" time="0.003"></testcase>
</testsuite>
</testsuites>