<?xml version="1.0" encoding="UTF-8" ?>
<testsuites>
<testsuite name="API" errors="0" tests="3" failures="0" time="0.031" timestamp="2016-09-07T16:40:15">
  <testcase classname="API" name="provide render() method" time="0.019"></testcase>
  <testcase classname="API" name="Support {path, contents}" time="0.003"></testcase>
  <testcase classname="API" name="Use stdlib" time="0.003"></testcase>
</testsuite>
</testsuites>