<?xml version="1.0" encoding="UTF-8" ?>
<testsuites>
<testsuite name="Other errors" errors="0" tests="2" failures="0" time="0.002" timestamp="2016-09-07T16:40:15">
  <testcase classname="Other errors" name="should render empty string if file does not exist" time="0.001"></testcase>
  <testcase classname="Other errors" name="should throw XML errors in strict mode" time="0.001"></testcase>
</testsuite>
</testsuites>