<?xml version="1.0" encoding="UTF-8" ?>
<testsuites>
<testsuite name="fest:template" errors="0" tests="2" failures="0" time="0.004" timestamp="2016-09-07T16:40:15">
  <testcase classname="fest:template" name="should throw exception if fest:template is not closed" time="0.003"></testcase>
  <testcase classname="fest:template" name="should throw exception if the template is not well-formed" time="0.001"></testcase>
</testsuite>
</testsuites>