<?xml version="1.0" encoding="UTF-8" ?>
<testsuites>
<testsuite name="fest:include" errors="0" tests="2" failures="0" time="0.01" timestamp="2016-09-07T16:40:15">
  <testcase classname="fest:include" name="should transparently include files" time="0.009"></testcase>
  <testcase classname="fest:include" name="should throw exception if fest:include contains syntax error in context attribute" time="0.001"></testcase>
</testsuite>
</testsuites>