<?xml version="1.0" encoding="UTF-8" ?>
<testsuites>
<testsuite name="fest:choose" errors="0" tests="2" failures="0" time="0.005" timestamp="2016-09-07T16:40:15">
  <testcase classname="fest:choose" name="should provide if-then-else flow" time="0.003"></testcase>
  <testcase classname="fest:choose" name="should throw exception if fest:when contains syntax error in test attribute" time="0.001"></testcase>
</testsuite>
</testsuites>