<?xml version="1.0" encoding="UTF-8" ?>
<testsuites>
<testsuite name="fest:var" errors="0" tests="3" failures="0" time="0.009" timestamp="2016-09-07T16:40:15">
  <testcase classname="fest:var" name="should set local variables" time="0.003"></testcase>
  <testcase classname="fest:var" name="should throw exception if fest:var contains syntax error in select attribute" time="0.001"></testcase>
  <testcase classname="fest:var" name="should throw exception if fest:var contains fest:set, fest:get or fest:include" time="0.005"></testcase>
</testsuite>
</testsuites>