<?xml version="1.0" encoding="UTF-8" ?>
<testsuites>
<testsuite name="fest:each" errors="0" tests="4" failures="0" time="0.013" timestamp="2016-09-07T16:40:15">
  <testcase classname="fest:each" name="should iterate through objects" time="0.005"></testcase>
  <testcase classname="fest:each" name="should throw exception if fest:each contains syntax error in iterate attribute" time="0.001"></testcase>
  <testcase classname="fest:each" name="should throw exception if fest:each contains syntax error in index attribute" time="0.001"></testcase>
  <testcase classname="fest:each" name="should throw exception if fest:each contains syntax error in value attribute" time="0.006"></testcase>
</testsuite>
</testsuites>