<?xml version="1.0" encoding="UTF-8" ?>
<testsuites>
<testsuite name="fest:message" errors="0" tests="5" failures="0" time="0.281" timestamp="2016-09-07T16:40:15">
  <testcase classname="fest:message" name="should translate only marked messages by default" time="0.006"></testcase>
  <testcase classname="fest:message" name="should translate all messages when auto_message option set to true" time="0.008"></testcase>
  <testcase classname="fest:message" name="should support messages with i18n namespace" time="0.004"></testcase>
  <testcase classname="fest:message" name="should support external i18n function" time="0.003"></testcase>
  <testcase classname="fest:message" name="should allow redefine messages via events" time="0.004"></testcase>
</testsuite>
</testsuites>