<?xml version="1.0" encoding="UTF-8" ?>
<testsuites>
<testsuite name="fest:value" errors="0" tests="2" failures="0" time="0.007" timestamp="2016-09-07T16:40:15">
  <testcase classname="fest:value" name="should escape control characters" time="0.004"></testcase>
  <testcase classname="fest:value" name="should suppress XSS" time="0.002"></testcase>
</testsuite>
</testsuites>