<?xml version="1.0" encoding="UTF-8" ?>
<testsuites>
<testsuite name="fest:script" errors="0" tests="3" failures="0" time="0.006" timestamp="2016-09-07T16:40:15">
  <testcase classname="fest:script" name="should compile scrpt AS-IS" time="0.003"></testcase>
  <testcase classname="fest:script" name="should throw exception if fest:script contains syntax error" time="0.001"></testcase>
  <testcase classname="fest:script" name="should ignore non-strict fest:script" time="0.002"></testcase>
</testsuite>
</testsuites>