<?xml version="1.0" encoding="UTF-8" ?>
<testsuites>
<testsuite name="fest:attribute(s)" errors="0" tests="6" failures="0" time="0.057" timestamp="2016-09-07T16:40:15">
  <testcase classname="fest:attribute(s)" name="should respect if/choose and quotes" time="0.024"></testcase>
  <testcase classname="fest:attribute(s)" name="should throw exception if fest:attributes is not first child" time="0.007"></testcase>
  <testcase classname="fest:attribute(s)" name="should throw exception if fest:attributes are nested" time="0.002"></testcase>
  <testcase classname="fest:attribute(s)" name="should respect javascript expressions in attributes" time="0.017"></testcase>
  <testcase classname="fest:attribute(s)" name="should throw exception if attribute expression contains syntax errors" time="0.002"></testcase>
  <testcase classname="fest:attribute(s)" name="should fix #64" time="0.004"></testcase>
</testsuite>
</testsuites>