<?xml version="1.0" encoding="UTF-8" ?>
<testsuites>
<testsuite name="fest:for" errors="0" tests="6" failures="0" time="0.015" timestamp="2016-09-07T16:40:15">
  <testcase classname="fest:for" name="should iterate through arrays" time="0.004"></testcase>
  <testcase classname="fest:for" name="should throw exception if fest:for contains syntax error in from attribute" time="0.002"></testcase>
  <testcase classname="fest:for" name="should throw exception if fest:for contains syntax error in to attribute" time="0.005"></testcase>
  <testcase classname="fest:for" name="should throw exception if fest:for contains syntax error in iterate attribute" time="0.001"></testcase>
  <testcase classname="fest:for" name="should throw exception if fest:for contains syntax error in index attribute" time="0.001"></testcase>
  <testcase classname="fest:for" name="should throw exception if fest:for contains syntax error in value attribute" time="0.001"></testcase>
</testsuite>
</testsuites>